<?xml version="1.0" encoding="UTF-8"?>
<!-- Generated by org.testng.reporters.JUnitReportReporter -->
<testsuite hostname="LAPTOP-NRT43TDF" failures="0" tests="2" name="seleniumproject.ecommerceproject.ecommerceShopping" time="14.871" errors="0" timestamp="2023-01-05T15:46:19 EST" skipped="0">
  <testcase classname="seleniumproject.ecommerceproject.ecommerceShopping" name="OrderHistory" time="5.063"/>
  <system-out/>
  <testcase classname="seleniumproject.ecommerceproject.ecommerceShopping" name="EcommerceShopping" time="9.808"/>
  <system-out/>
</testsuite> <!-- seleniumproject.ecommerceproject.ecommerceShopping -->
